<?xml version="1.0" encoding="UTF-8"?>
<testng-results skipped="0" failed="0" ignored="0" total="1" passed="1">
  <reporter-output>
  </reporter-output>
  <suite name="Default suite" duration-ms="178" started-at="2018-07-13T06:18:53Z" finished-at="2018-07-13T06:18:53Z">
    <groups>
    </groups>
    <test name="Default test" duration-ms="178" started-at="2018-07-13T06:18:53Z" finished-at="2018-07-13T06:18:53Z">
      <class name="com.wd.gson.GsonTest">
        <test-method status="PASS" signature="f()[pri:0, instance:com.wd.gson.GsonTest@4501b7af]" name="f" duration-ms="152" started-at="2018-07-13T11:48:53Z" finished-at="2018-07-13T11:48:53Z">
          <reporter-output>
          </reporter-output>
        </test-method> <!-- f -->
      </class> <!-- com.wd.gson.GsonTest -->
    </test> <!-- Default test -->
  </suite> <!-- Default suite -->
</testng-results>
